Lecture pour le groupe g2202
(69004) g2202  (attend 6 secondes)
---6---
 (attend 10 secondes)
(68985) g2203  (attend 8 secondes)
---8---
---10---
Clic sur le bouton vider
Clic sur le bouton vider
Clic sur le bouton Quitter
Lecture pour le groupe g2202
(69095) g2202  (attend 6 secondes)
---6---
Clic sur le bouton Lancer Recherche
Lecture pour le groupe g2202
Lecture pour le groupe g2203
(69097) g2203  (attend 8 secondes)
(69096) g2202  (attend 6 secondes)
---6---
---8---
Clic sur le bouton Quitter
